#
# There is insufficient memory for the Java Runtime Environment to continue.
# Native memory allocation (mmap) failed to map 134217728 bytes for G1 virtual space
# Possible reasons:
#   The system is out of physical RAM or swap space
#   The process is running with CompressedOops enabled, and the Java Heap may be blocking the growth of the native heap
# Possible solutions:
#   Reduce memory load on the system
#   Increase physical memory or swap space
#   Check if swap backing store is full
#   Decrease Java heap size (-Xmx/-Xms)
#   Decrease number of Java threads
#   Decrease Java thread stack sizes (-Xss)
#   Set larger code cache with -XX:ReservedCodeCacheSize=
#   JVM is running with Unscaled Compressed Oops mode in which the Java heap is
#     placed in the first 4GB address space. The Java Heap base address is the
#     maximum limit for the native heap growth. Please use -XX:HeapBaseMinAddress
#     to set the Java Heap base and to place the Java Heap above 4GB virtual address.
# This output file may be truncated or incomplete.
#
#  Out of Memory Error (os_windows.cpp:3527), pid=12232, tid=11284
#
# JRE version:  (19.0.1+10) (build )
# Java VM: Java HotSpot(TM) 64-Bit Server VM (19.0.1+10-21, mixed mode, sharing, tiered, compressed oops, compressed class ptrs, g1 gc, windows-amd64)
# No core dump will be written. Minidumps are not enabled by default on client versions of Windows
#

---------------  S U M M A R Y ------------

Command Line: C:\Users\jonat\AppData\Local\Temp\surefire5285512870240373479\surefirebooter7243425221035469157.jar C:\Users\jonat\AppData\Local\Temp\surefire5285512870240373479 2023-01-08T20-03-37_184-jvmRun1 surefire4836757020269462426tmp surefire_07662268486206779690tmp

Host: Intel(R) Core(TM) i5-4210U CPU @ 1.70GHz, 4 cores, 7G,  Windows 10 , 64 bit Build 19041 (10.0.19041.2364)
Time: Sun Jan  8 20:03:38 2023 Central Standard Time elapsed time: 0.048200 seconds (0d 0h 0m 0s)

---------------  T H R E A D  ---------------

Current thread (0x000002304488caf0):  JavaThread "Unknown thread" [_thread_in_vm, id=11284, stack(0x000000b53c500000,0x000000b53c600000)]

Stack: [0x000000b53c500000,0x000000b53c600000]
Native frames: (J=compiled Java code, j=interpreted, Vv=VM code, C=native code)
V  [jvm.dll+0x6ee8fa]
V  [jvm.dll+0x857a1e]
V  [jvm.dll+0x85940e]
V  [jvm.dll+0x859ac3]
V  [jvm.dll+0x28291f]
V  [jvm.dll+0x6eb6e9]
V  [jvm.dll+0x6e028a]
V  [jvm.dll+0x357136]
V  [jvm.dll+0x35eb96]
V  [jvm.dll+0x3b555e]
V  [jvm.dll+0x3b578f]
V  [jvm.dll+0x32c6ea]
V  [jvm.dll+0x32d59e]
V  [jvm.dll+0x821b20]
V  [jvm.dll+0x3c27c1]
V  [jvm.dll+0x8022f1]
V  [jvm.dll+0x44b30f]
V  [jvm.dll+0x44cc91]
C  [jli.dll+0x5287]
C  [ucrtbase.dll+0x21bb2]
C  [KERNEL32.DLL+0x17614]
C  [ntdll.dll+0x526a1]


---------------  P R O C E S S  ---------------

Threads class SMR info:
_java_thread_list=0x00007ffde383d048, length=0, elements={
}

Java Threads: ( => current thread )

Other Threads:
  0x00000230448ec910 WorkerThread "GC Thread#0" [stack: 0x000000b53c600000,0x000000b53c700000] [id=7316]
  0x00000230448fe7a0 ConcurrentGCThread "G1 Main Marker" [stack: 0x000000b53c700000,0x000000b53c800000] [id=13828]
  0x00000230448ff970 WorkerThread "G1 Conc#0" [stack: 0x000000b53c800000,0x000000b53c900000] [id=8428]

[error occurred during error reporting (printing all threads), id 0xc0000005, EXCEPTION_ACCESS_VIOLATION (0xc0000005) at pc=0x00007ffde2ffd127]

VM state: not at safepoint (not fully initialized)

VM Mutex/Monitor currently owned by a thread:  ([mutex/lock_event])
[0x00000230448886c0] Heap_lock - owner thread: 0x000002304488caf0

Heap address: 0x0000000081400000, size: 2028 MB, Compressed Oops mode: 32-bit

CDS archive(s) mapped at: [0x0000000000000000-0x0000000000000000-0x0000000000000000), size 0, SharedBaseAddress: 0x0000000800000000, ArchiveRelocationMode: 0.
Narrow klass base: 0x0000000000000000, Narrow klass shift: 0, Narrow klass range: 0x0

GC Precious Log:
 CardTable entry size: 512
 Card Set container configuration: InlinePtr #cards 5 size 8 Array Of Cards #cards 12 size 40 Howl #buckets 4 coarsen threshold 1843 Howl Bitmap #cards 512 size 80 coarsen threshold 460 Card regions per heap region 1 cards per card region 2048

Heap:
 garbage-first heap   total 0K, used 0K [0x0000000081400000, 0x0000000100000000)
  region size 1024K, 0 young (0K), 0 survivors (0K)

[error occurred during error reporting (printing heap information), id 0xc0000005, EXCEPTION_ACCESS_VIOLATION (0xc0000005) at pc=0x00007ffde3406959]

GC Heap History (0 events):
No events

Dll operation events (1 events):
Event: 0.036 Loaded shared library C:\Program Files\Java\jdk-19\bin\java.dll

Deoptimization events (0 events):
No events

Classes loaded (0 events):
No events

Classes unloaded (0 events):
No events

Classes redefined (0 events):
No events

Internal exceptions (0 events):
No events

VM Operations (0 events):
No events

Events (0 events):
No events


Dynamic libraries:
0x00007ff746c00000 - 0x00007ff746c10000 	C:\Program Files\Java\jdk-19\bin\java.exe
0x00007ffe230f0000 - 0x00007ffe232e8000 	C:\WINDOWS\SYSTEM32\ntdll.dll
0x00007ffe22da0000 - 0x00007ffe22e5f000 	C:\WINDOWS\System32\KERNEL32.DLL
0x00007ffe207e0000 - 0x00007ffe20ab2000 	C:\WINDOWS\System32\KERNELBASE.dll
0x00007ffe21030000 - 0x00007ffe21130000 	C:\WINDOWS\System32\ucrtbase.dll
0x00007ffe1cb60000 - 0x00007ffe1cb7b000 	C:\Program Files\Java\jdk-19\bin\VCRUNTIME140.dll
0x00007ffe18c00000 - 0x00007ffe18c18000 	C:\Program Files\Java\jdk-19\bin\jli.dll
0x00007ffe218b0000 - 0x00007ffe2195e000 	C:\WINDOWS\System32\ADVAPI32.dll
0x00007ffe22340000 - 0x00007ffe223de000 	C:\WINDOWS\System32\msvcrt.dll
0x00007ffe21960000 - 0x00007ffe219fc000 	C:\WINDOWS\System32\sechost.dll
0x00007ffe22ec0000 - 0x00007ffe22fe5000 	C:\WINDOWS\System32\RPCRT4.dll
0x00007ffe22490000 - 0x00007ffe22631000 	C:\WINDOWS\System32\USER32.dll
0x00007ffe20c80000 - 0x00007ffe20ca2000 	C:\WINDOWS\System32\win32u.dll
0x00007ffe22e70000 - 0x00007ffe22e9b000 	C:\WINDOWS\System32\GDI32.dll
0x00007ffe20dc0000 - 0x00007ffe20ecf000 	C:\WINDOWS\System32\gdi32full.dll
0x00007ffe20d20000 - 0x00007ffe20dbd000 	C:\WINDOWS\System32\msvcp_win.dll
0x00007ffe0fd40000 - 0x00007ffe0ffda000 	C:\WINDOWS\WinSxS\amd64_microsoft.windows.common-controls_6595b64144ccf1df_6.0.19041.1110_none_60b5254171f9507e\COMCTL32.dll
0x00007ffe12cd0000 - 0x00007ffe12cda000 	C:\WINDOWS\SYSTEM32\VERSION.dll
0x00007ffe22640000 - 0x00007ffe22672000 	C:\WINDOWS\System32\IMM32.DLL
0x00007ffe1adf0000 - 0x00007ffe1adfc000 	C:\Program Files\Java\jdk-19\bin\vcruntime140_1.dll
0x00007ffe187b0000 - 0x00007ffe1883e000 	C:\Program Files\Java\jdk-19\bin\msvcp140.dll
0x00007ffde2cc0000 - 0x00007ffde3980000 	C:\Program Files\Java\jdk-19\bin\server\jvm.dll
0x00007ffe0c2b0000 - 0x00007ffe0c2b9000 	C:\WINDOWS\SYSTEM32\WSOCK32.dll
0x00007ffe22270000 - 0x00007ffe222db000 	C:\WINDOWS\System32\WS2_32.dll
0x00007ffe11100000 - 0x00007ffe11127000 	C:\WINDOWS\SYSTEM32\WINMM.dll
0x00007ffe1d300000 - 0x00007ffe1d312000 	C:\WINDOWS\SYSTEM32\kernel.appcore.dll
0x00007ffe18dd0000 - 0x00007ffe18dda000 	C:\Program Files\Java\jdk-19\bin\jimage.dll
0x00007ffe0bd70000 - 0x00007ffe0bf54000 	C:\WINDOWS\SYSTEM32\DBGHELP.DLL
0x00007ffe0bd30000 - 0x00007ffe0bd65000 	C:\WINDOWS\SYSTEM32\dbgcore.DLL
0x00007ffe20ac0000 - 0x00007ffe20b42000 	C:\WINDOWS\System32\bcryptPrimitives.dll
0x00007ffe18780000 - 0x00007ffe187a6000 	C:\Program Files\Java\jdk-19\bin\java.dll

dbghelp: loaded successfully - version: 4.0.5 - missing functions: none
symbol engine: initialized successfully - sym options: 0x614 - pdb path: .;C:\Program Files\Java\jdk-19\bin;C:\WINDOWS\SYSTEM32;C:\WINDOWS\WinSxS\amd64_microsoft.windows.common-controls_6595b64144ccf1df_6.0.19041.1110_none_60b5254171f9507e;C:\Program Files\Java\jdk-19\bin\server

VM Arguments:
java_command: C:\Users\jonat\AppData\Local\Temp\surefire5285512870240373479\surefirebooter7243425221035469157.jar C:\Users\jonat\AppData\Local\Temp\surefire5285512870240373479 2023-01-08T20-03-37_184-jvmRun1 surefire4836757020269462426tmp surefire_07662268486206779690tmp
java_class_path (initial): C:\Users\jonat\AppData\Local\Temp\surefire5285512870240373479\surefirebooter7243425221035469157.jar
Launcher Type: SUN_STANDARD

[Global flags]
     intx CICompilerCount                          = 3                                         {product} {ergonomic}
     uint ConcGCThreads                            = 1                                         {product} {ergonomic}
     uint G1ConcRefinementThreads                  = 4                                         {product} {ergonomic}
   size_t G1HeapRegionSize                         = 1048576                                   {product} {ergonomic}
    uintx GCDrainStackTargetSize                   = 64                                        {product} {ergonomic}
   size_t InitialHeapSize                          = 134217728                                 {product} {ergonomic}
   size_t MarkStackSize                            = 4194304                                   {product} {ergonomic}
   size_t MaxHeapSize                              = 2126512128                                {product} {ergonomic}
   size_t MinHeapDeltaBytes                        = 1048576                                   {product} {ergonomic}
   size_t MinHeapSize                              = 8388608                                   {product} {ergonomic}
    uintx NonNMethodCodeHeapSize                   = 5832780                                {pd product} {ergonomic}
    uintx NonProfiledCodeHeapSize                  = 122912730                              {pd product} {ergonomic}
    uintx ProfiledCodeHeapSize                     = 122912730                              {pd product} {ergonomic}
    uintx ReservedCodeCacheSize                    = 251658240                              {pd product} {ergonomic}
     bool SegmentedCodeCache                       = true                                      {product} {ergonomic}
   size_t SoftMaxHeapSize                          = 2126512128                             {manageable} {ergonomic}
     bool UseCompressedClassPointers               = true                           {product lp64_product} {ergonomic}
     bool UseCompressedOops                        = true                           {product lp64_product} {ergonomic}
     bool UseG1GC                                  = true                                      {product} {ergonomic}
     bool UseLargePagesIndividualAllocation        = false                                  {pd product} {ergonomic}

Logging:
Log output configuration:
 #0: stdout all=warning uptime,level,tags foldmultilines=false
 #1: stderr all=off uptime,level,tags foldmultilines=false

Environment Variables:
JAVA_HOME=C:\jdk\jdk-11.0.1
PATH=C:\Program Files\Common Files\Oracle\Java\javapath;C:\Python27\;C:\Python27\Scripts;C:\Program Files (x86)\Common Files\Oracle\Java\javapath;C:\WINDOWS\system32;C:\WINDOWS;C:\WINDOWS\System32\Wbem;C:\WINDOWS\System32\WindowsPowerShell\v1.0\;C:\WINDOWS\system32\config\systemprofile\.dnx\bin;C:\Program Files\Microsoft DNX\Dnvm\;C:\Program Files\Microsoft SQL Server\130\Tools\Binn\;C:\Program Files (x86)\Brackets\command;C:\Program Files\Microsoft SQL Server\Client SDK\ODBC\130\Tools\Binn\;C:\Program Files (x86)\Microsoft SQL Server\130\Tools\Binn\;C:\Program Files\Microsoft SQL Server\130\DTS\Binn\;C:\Program Files (x86)\Microsoft SQL Server\Client SDK\ODBC\130\Tools\Binn\;C:\Program Files (x86)\Microsoft SQL Server\130\DTS\Binn\;C:\Program Files (x86)\Microsoft SQL Server\130\Tools\Binn\ManagementStudio\;C:\Program Files\dotnet\;C:\ProgramData\chocolatey\bin;C:\Program Files\Git\cmd;C:\WINDOWS\System32\OpenSSH\;C:\Program Files\nodejs\;C:\Program Files (x86)\scala\bin;C:\Program Files (x86)\Microsoft VS Code\bin;C:\Program Files\PuTTY\;C:\Program Files\Intel\WiFi\bin\;C:\Program Files\Common Files\Intel\WirelessCommon\;C:\Program Files (x86)\Common Files\Acronis\VirtualFile\;C:\Program Files (x86)\Common Files\Acronis\VirtualFile64\;C:\Program Files (x86)\Common Files\Acronis\SnapAPI\;C:\Program Files\Docker\Docker\resources\bin;C:\Users\jonat\AppData\Local\Microsoft\WindowsApps;;C:\Program Files (x86)\Microsoft VS Code\bin;C:\Users\jonat\AppData\Roaming\npm;C:\Program Files\JetBrains\IntelliJ IDEA Community Edition 2022.3.1\bin;;C:\Program Files\JetBrains\IntelliJ IDEA 2022.3.1\bin;
USERNAME=jonat
OS=Windows_NT
PROCESSOR_IDENTIFIER=Intel64 Family 6 Model 69 Stepping 1, GenuineIntel
TMP=C:\Users\jonat\AppData\Local\Temp
TEMP=C:\Users\jonat\AppData\Local\Temp



---------------  S Y S T E M  ---------------

OS:
 Windows 10 , 64 bit Build 19041 (10.0.19041.2364)
OS uptime: 0 days 3:06 hours
Hyper-V role detected

CPU: total 4 (initial active 4) (2 cores per cpu, 2 threads per core) family 6 model 69 stepping 1 microcode 0x25, cx8, cmov, fxsr, ht, mmx, sse, sse2, sse3, ssse3, sse4.1, sse4.2, popcnt, lzcnt, tsc, tscinvbit, avx, avx2, aes, erms, clmul, bmi1, bmi2, fma, vzeroupper, clflush, hv, rdtscp

Memory: 4k page, system-wide physical 8108M (510M free)
TotalPageFile size 13108M (AvailPageFile size 102M)
current process WorkingSet (physical memory assigned to process): 10M, peak: 10M
current process commit charge ("private bytes"): 52M, peak: 180M

vm_info: Java HotSpot(TM) 64-Bit Server VM (19.0.1+10-21) for windows-amd64 JRE (19.0.1+10-21), built on 2022-09-14T12:45:06Z by "mach5one" with MS VC++ 17.1 (VS2022)

END.
